<?xml version="1.0" encoding="UTF-8"?>
<!-- Generated by org.testng.reporters.JUnitReportReporter -->
<testsuite hostname="USHYDMUDINESH4" failures="0" tests="3" name="cucumberOptions.TestNGTestRunner" time="49.323" errors="0" timestamp="2024-01-05T10:31:20 IST" skipped="0">
  <testcase classname="cucumberOptions.TestNGTestRunner" name="runScenario" time="16.559"/>
  <testcase classname="cucumberOptions.TestNGTestRunner" name="runScenario" time="16.575"/>
  <testcase classname="cucumberOptions.TestNGTestRunner" name="runScenario" time="16.189"/>
</testsuite> <!-- cucumberOptions.TestNGTestRunner -->
